<?xml version="1.0" encoding="UTF-8"?>
<!-- Generated by org.testng.reporters.JUnitReportReporter -->
<testsuite hostname="FFE-Asha-R" failures="0" tests="2" name="package1.ContactTest" time="3.508" errors="0" timestamp="2024-06-01T12:06:48 IST" skipped="0">
  <testcase classname="package1.ContactTest" name="createContactTest" time="3.508"/>
  <testcase classname="package1.ContactTest" name="modifyContactTest" time="0.000"/>
</testsuite> <!-- package1.ContactTest -->
