<?xml version="1.0" encoding="UTF-8"?>
<!-- Generated by org.testng.reporters.JUnitReportReporter -->
<testsuite hostname="FFE-Asha-R" failures="0" tests="2" name="package2.OrgTest" time="0.001" errors="0" timestamp="2024-06-01T12:06:48 IST" skipped="0">
  <testcase classname="package2.OrgTest" name="createOrgTest" time="0.001"/>
  <testcase classname="package2.OrgTest" name="modifyOrgTest" time="0.000"/>
</testsuite> <!-- package2.OrgTest -->
